[01Sep2024 15:06:44.881] [main/INFO] [cpw.mods.modlauncher.Launcher/MODLAUNCHER]: ModLauncher running: args [--gameDir, ., --launchTarget, fmluserdevclient, --fml.mcpVersion, 20210115.111550, --fml.mcVersion, 1.16.5, --fml.forgeGroup, net.minecraftforge, --fml.forgeVersion, 36.2.42, --assetIndex, 1.16, --assetsDir, C:\Users\alirz\.mcreator\gradle\caches\forge_gradle\assets, --version, MOD_DEV, --username, Dev, --accessToken, ❄❄❄❄❄❄❄❄, --userProperties, {}]
[01Sep2024 15:06:44.888] [main/INFO] [cpw.mods.modlauncher.Launcher/MODLAUNCHER]: ModLauncher 8.1.3+8.1.3+main-8.1.x.c94d18ec starting: java version 1.8.0_422 by Temurin
[01Sep2024 15:06:46.019] [main/INFO] [net.minecraftforge.fml.loading.FixSSL/CORE]: Added Lets Encrypt root certificates as additional trust
[01Sep2024 15:06:46.125] [main/INFO] [mixin/]: SpongePowered MIXIN Subsystem Version=0.8.4 Source=file:/C:/Users/alirz/.mcreator/gradle/caches/modules-2/files-2.1/org.spongepowered/mixin/0.8.4/4ec7d77d9ab32596ca0b78bb123956734767e3a/mixin-0.8.4.jar Service=ModLauncher Env=CLIENT
[01Sep2024 15:06:46.255] [main/WARN] [net.minecraftforge.fml.loading.FMLConfig/CORE]: Configuration file E:\Mcreator\super_diamonds\run\config\fml.toml is not correct. Correcting
[01Sep2024 15:06:46.272] [main/WARN] [net.minecraftforge.fml.loading.FMLConfig/CORE]: Incorrect key [defaultConfigPath] was corrected from null to defaultconfigs
[01Sep2024 15:06:46.752] [main/INFO] [STDERR/]: [org.lwjgl.glfw.GLFWErrorCallback$1:invoke:105]: 	Description : WGL: The driver does not appear to support OpenGL
[01Sep2024 15:06:46.753] [main/INFO] [STDERR/]: [org.lwjgl.glfw.GLFWErrorCallback$1:invoke:106]: 	Stacktrace  :
[01Sep2024 15:06:46.753] [main/INFO] [STDERR/]: [org.lwjgl.glfw.GLFWErrorCallback$1:invoke:110]: org.lwjgl.glfw.GLFW.nglfwCreateWindow(GLFW.java:1714)
[01Sep2024 15:06:46.754] [main/INFO] [STDERR/]: [org.lwjgl.glfw.GLFWErrorCallback$1:invoke:110]: org.lwjgl.glfw.GLFW.glfwCreateWindow(GLFW.java:1897)
[01Sep2024 15:06:46.754] [main/INFO] [STDERR/]: [org.lwjgl.glfw.GLFWErrorCallback$1:invoke:110]: net.minecraftforge.fml.loading.progress.ClientVisualization.initWindow(ClientVisualization.java:89)
[01Sep2024 15:06:46.755] [main/INFO] [STDERR/]: [org.lwjgl.glfw.GLFWErrorCallback$1:invoke:110]: net.minecraftforge.fml.loading.progress.ClientVisualization.start(ClientVisualization.java:335)
[01Sep2024 15:06:46.755] [main/INFO] [STDERR/]: [org.lwjgl.glfw.GLFWErrorCallback$1:invoke:110]: net.minecraftforge.fml.loading.progress.EarlyProgressVisualization.accept(EarlyProgressVisualization.java:29)
[01Sep2024 15:06:46.756] [main/INFO] [STDERR/]: [org.lwjgl.glfw.GLFWErrorCallback$1:invoke:110]: net.minecraftforge.fml.loading.FMLLoader.setupLaunchHandler(FMLLoader.java:176)
[01Sep2024 15:06:46.756] [main/INFO] [STDERR/]: [org.lwjgl.glfw.GLFWErrorCallback$1:invoke:110]: net.minecraftforge.fml.loading.FMLServiceProvider.initialize(FMLServiceProvider.java:80)
[01Sep2024 15:06:46.756] [main/INFO] [STDERR/]: [org.lwjgl.glfw.GLFWErrorCallback$1:invoke:110]: cpw.mods.modlauncher.TransformationServiceDecorator.onInitialize(TransformationServiceDecorator.java:68)
[01Sep2024 15:06:46.757] [main/INFO] [STDERR/]: [org.lwjgl.glfw.GLFWErrorCallback$1:invoke:110]: cpw.mods.modlauncher.TransformationServicesHandler.lambda$initialiseTransformationServices$7(TransformationServicesHandler.java:107)
[01Sep2024 15:06:46.757] [main/INFO] [STDERR/]: [org.lwjgl.glfw.GLFWErrorCallback$1:invoke:110]: java.util.HashMap$Values.forEach(HashMap.java:982)
[01Sep2024 15:06:46.758] [main/INFO] [STDERR/]: [org.lwjgl.glfw.GLFWErrorCallback$1:invoke:110]: cpw.mods.modlauncher.TransformationServicesHandler.initialiseTransformationServices(TransformationServicesHandler.java:107)
[01Sep2024 15:06:46.758] [main/INFO] [STDERR/]: [org.lwjgl.glfw.GLFWErrorCallback$1:invoke:110]: cpw.mods.modlauncher.TransformationServicesHandler.initializeTransformationServices(TransformationServicesHandler.java:59)
[01Sep2024 15:06:46.758] [main/INFO] [STDERR/]: [org.lwjgl.glfw.GLFWErrorCallback$1:invoke:110]: cpw.mods.modlauncher.Launcher.run(Launcher.java:76)
[01Sep2024 15:06:46.759] [main/INFO] [STDERR/]: [org.lwjgl.glfw.GLFWErrorCallback$1:invoke:110]: cpw.mods.modlauncher.Launcher.main(Launcher.java:66)
[01Sep2024 15:06:46.759] [main/INFO] [STDERR/]: [org.lwjgl.glfw.GLFWErrorCallback$1:invoke:110]: net.minecraftforge.userdev.LaunchTesting.main(LaunchTesting.java:94)
[01Sep2024 15:06:46.761] [main/INFO] [STDERR/]: [java.lang.ThreadGroup:uncaughtException:1052]: java.lang.RuntimeException: Failed to create the GLFW window
[01Sep2024 15:06:46.761] [main/INFO] [STDERR/]: [java.lang.ThreadGroup:uncaughtException:1052]: 	at net.minecraftforge.fml.loading.progress.ClientVisualization.initWindow(ClientVisualization.java:91)
[01Sep2024 15:06:46.762] [main/INFO] [STDERR/]: [java.lang.ThreadGroup:uncaughtException:1052]: 	at net.minecraftforge.fml.loading.progress.ClientVisualization.start(ClientVisualization.java:335)
[01Sep2024 15:06:46.762] [main/INFO] [STDERR/]: [java.lang.ThreadGroup:uncaughtException:1052]: 	at net.minecraftforge.fml.loading.progress.EarlyProgressVisualization.accept(EarlyProgressVisualization.java:29)
[01Sep2024 15:06:46.762] [main/INFO] [STDERR/]: [java.lang.ThreadGroup:uncaughtException:1052]: 	at net.minecraftforge.fml.loading.FMLLoader.setupLaunchHandler(FMLLoader.java:176)
[01Sep2024 15:06:46.763] [main/INFO] [STDERR/]: [java.lang.ThreadGroup:uncaughtException:1052]: 	at net.minecraftforge.fml.loading.FMLServiceProvider.initialize(FMLServiceProvider.java:80)
[01Sep2024 15:06:46.763] [main/INFO] [STDERR/]: [java.lang.ThreadGroup:uncaughtException:1052]: 	at cpw.mods.modlauncher.TransformationServiceDecorator.onInitialize(TransformationServiceDecorator.java:68)
[01Sep2024 15:06:46.763] [main/INFO] [STDERR/]: [java.lang.ThreadGroup:uncaughtException:1052]: 	at cpw.mods.modlauncher.TransformationServicesHandler.lambda$initialiseTransformationServices$7(TransformationServicesHandler.java:107)
[01Sep2024 15:06:46.764] [main/INFO] [STDERR/]: [java.lang.ThreadGroup:uncaughtException:1052]: 	at java.util.HashMap$Values.forEach(HashMap.java:982)
[01Sep2024 15:06:46.764] [main/INFO] [STDERR/]: [java.lang.ThreadGroup:uncaughtException:1052]: 	at cpw.mods.modlauncher.TransformationServicesHandler.initialiseTransformationServices(TransformationServicesHandler.java:107)
[01Sep2024 15:06:46.764] [main/INFO] [STDERR/]: [java.lang.ThreadGroup:uncaughtException:1052]: 	at cpw.mods.modlauncher.TransformationServicesHandler.initializeTransformationServices(TransformationServicesHandler.java:59)
[01Sep2024 15:06:46.764] [main/INFO] [STDERR/]: [java.lang.ThreadGroup:uncaughtException:1052]: 	at cpw.mods.modlauncher.Launcher.run(Launcher.java:76)
[01Sep2024 15:06:46.765] [main/INFO] [STDERR/]: [java.lang.ThreadGroup:uncaughtException:1052]: 	at cpw.mods.modlauncher.Launcher.main(Launcher.java:66)
[01Sep2024 15:06:46.765] [main/INFO] [STDERR/]: [java.lang.ThreadGroup:uncaughtException:1052]: 	at net.minecraftforge.userdev.LaunchTesting.main(LaunchTesting.java:94)
